<?xml version="1.0" encoding="UTF-8"?>
<!-- Generated by org.testng.reporters.JUnitReportReporter -->
<testsuite skipped="0" hostname="WINDOWS-CRJJGKR" name="com.test.SampleTest" tests="3" failures="0" timestamp="15 Sep 2019 13:38:29 GMT" time="14.650" errors="0">
  <testcase name="verifyingOxygenArticle" time="3.987" classname="com.test.SampleTest"/>
  <testcase name="verifyElementProperties" time="0.830" classname="com.test.SampleTest"/>
  <testcase name="verifyingExternalLinks" time="9.833" classname="com.test.SampleTest"/>
</testsuite> <!-- com.test.SampleTest -->
